2025-06-15T23:26:42.470-03:00  INFO 12358 --- [chat-back] [restartedMain] com.jmfs.chat_back.ChatBackApplication   : Starting ChatBackApplication using Java 21.0.7 with PID 12358 (/home/joao/Documents/projects/chat-back/target/classes started by joao in /home/joao/Documents/projects/chat-back)
2025-06-15T23:26:42.473-03:00  INFO 12358 --- [chat-back] [restartedMain] com.jmfs.chat_back.ChatBackApplication   : No active profile set, falling back to 1 default profile: "default"
2025-06-15T23:26:42.562-03:00  INFO 12358 --- [chat-back] [restartedMain] .e.DevToolsPropertyDefaultsPostProcessor : Devtools property defaults active! Set 'spring.devtools.add-properties' to 'false' to disable
2025-06-15T23:26:42.564-03:00  INFO 12358 --- [chat-back] [restartedMain] .e.DevToolsPropertyDefaultsPostProcessor : For additional web related logging consider setting the 'logging.level.web' property to 'DEBUG'
2025-06-15T23:26:43.777-03:00  INFO 12358 --- [chat-back] [restartedMain] .s.d.r.c.RepositoryConfigurationDelegate : Bootstrapping Spring Data JPA repositories in DEFAULT mode.
2025-06-15T23:26:43.886-03:00  INFO 12358 --- [chat-back] [restartedMain] .s.d.r.c.RepositoryConfigurationDelegate : Finished Spring Data repository scanning in 93 ms. Found 1 JPA repository interface.
2025-06-15T23:26:44.592-03:00  INFO 12358 --- [chat-back] [restartedMain] o.s.b.w.embedded.tomcat.TomcatWebServer  : Tomcat initialized with port 8080 (http)
2025-06-15T23:26:44.605-03:00  INFO 12358 --- [chat-back] [restartedMain] o.apache.catalina.core.StandardService   : Starting service [Tomcat]
2025-06-15T23:26:44.606-03:00  INFO 12358 --- [chat-back] [restartedMain] o.apache.catalina.core.StandardEngine    : Starting Servlet engine: [Apache Tomcat/10.1.41]
2025-06-15T23:26:44.658-03:00  INFO 12358 --- [chat-back] [restartedMain] o.a.c.c.C.[Tomcat].[localhost].[/]       : Initializing Spring embedded WebApplicationContext
2025-06-15T23:26:44.659-03:00  INFO 12358 --- [chat-back] [restartedMain] w.s.c.ServletWebServerApplicationContext : Root WebApplicationContext: initialization completed in 2094 ms
2025-06-15T23:26:45.042-03:00  INFO 12358 --- [chat-back] [restartedMain] o.hibernate.jpa.internal.util.LogHelper  : HHH000204: Processing PersistenceUnitInfo [name: default]
2025-06-15T23:26:45.176-03:00  INFO 12358 --- [chat-back] [restartedMain] org.hibernate.Version                    : HHH000412: Hibernate ORM core version 6.6.15.Final
2025-06-15T23:26:45.224-03:00  INFO 12358 --- [chat-back] [restartedMain] o.h.c.internal.RegionFactoryInitiator    : HHH000026: Second-level cache disabled
2025-06-15T23:26:45.939-03:00  INFO 12358 --- [chat-back] [restartedMain] o.s.o.j.p.SpringPersistenceUnitInfo      : No LoadTimeWeaver setup: ignoring JPA class transformer
2025-06-15T23:26:46.172-03:00  INFO 12358 --- [chat-back] [restartedMain] com.zaxxer.hikari.HikariDataSource       : HikariPool-1 - Starting...
2025-06-15T23:26:46.489-03:00  INFO 12358 --- [chat-back] [restartedMain] com.zaxxer.hikari.pool.HikariPool        : HikariPool-1 - Added connection org.postgresql.jdbc.PgConnection@50ccaa55
2025-06-15T23:26:46.490-03:00  INFO 12358 --- [chat-back] [restartedMain] com.zaxxer.hikari.HikariDataSource       : HikariPool-1 - Start completed.
2025-06-15T23:26:46.545-03:00  WARN 12358 --- [chat-back] [restartedMain] org.hibernate.orm.deprecation            : HHH90000025: PostgreSQLDialect does not need to be specified explicitly using 'hibernate.dialect' (remove the property setting and it will be selected by default)
2025-06-15T23:26:46.566-03:00  INFO 12358 --- [chat-back] [restartedMain] org.hibernate.orm.connections.pooling    : HHH10001005: Database info:
	Database JDBC URL [Connecting through datasource 'HikariDataSource (HikariPool-1)']
	Database driver: undefined/unknown
	Database version: 16.9
	Autocommit mode: undefined/unknown
	Isolation level: undefined/unknown
	Minimum pool size: undefined/unknown
	Maximum pool size: undefined/unknown
2025-06-15T23:26:47.226-03:00  INFO 12358 --- [chat-back] [restartedMain] o.h.e.t.j.p.i.JtaPlatformInitiator       : HHH000489: No JTA platform available (set 'hibernate.transaction.jta.platform' to enable JTA platform integration)
2025-06-15T23:26:47.283-03:00 DEBUG 12358 --- [chat-back] [restartedMain] org.hibernate.SQL                        : 
    create table users (
        id bigint generated by default as identity,
        email varchar(255),
        password varchar(255),
        username varchar(255),
        primary key (id)
    )
2025-06-15T23:26:47.345-03:00  INFO 12358 --- [chat-back] [restartedMain] j.LocalContainerEntityManagerFactoryBean : Initialized JPA EntityManagerFactory for persistence unit 'default'
2025-06-15T23:26:47.620-03:00  WARN 12358 --- [chat-back] [restartedMain] ConfigServletWebServerApplicationContext : Exception encountered during context initialization - cancelling refresh attempt: org.springframework.beans.factory.UnsatisfiedDependencyException: Error creating bean with name 'authController' defined in file [/home/joao/Documents/projects/chat-back/target/classes/com/jmfs/chat_back/controllers/AuthController.class]: Unsatisfied dependency expressed through constructor parameter 2: Error creating bean with name 'securityConfig': Unsatisfied dependency expressed through field 'customUserDetailsService': No qualifying bean of type 'com.jmfs.chat_back.infra.security.CustomUserDetailsService' available: expected at least 1 bean which qualifies as autowire candidate. Dependency annotations: {@org.springframework.beans.factory.annotation.Autowired(required=true)}
2025-06-15T23:26:47.621-03:00  INFO 12358 --- [chat-back] [restartedMain] j.LocalContainerEntityManagerFactoryBean : Closing JPA EntityManagerFactory for persistence unit 'default'
2025-06-15T23:26:47.623-03:00  INFO 12358 --- [chat-back] [restartedMain] com.zaxxer.hikari.HikariDataSource       : HikariPool-1 - Shutdown initiated...
2025-06-15T23:26:47.633-03:00  INFO 12358 --- [chat-back] [restartedMain] com.zaxxer.hikari.HikariDataSource       : HikariPool-1 - Shutdown completed.
2025-06-15T23:26:47.637-03:00  INFO 12358 --- [chat-back] [restartedMain] o.apache.catalina.core.StandardService   : Stopping service [Tomcat]
2025-06-15T23:26:47.671-03:00  INFO 12358 --- [chat-back] [restartedMain] .s.b.a.l.ConditionEvaluationReportLogger : 

Error starting ApplicationContext. To display the condition evaluation report re-run your application with 'debug' enabled.
2025-06-15T23:26:47.725-03:00 ERROR 12358 --- [chat-back] [restartedMain] o.s.b.d.LoggingFailureAnalysisReporter   : 

***************************
APPLICATION FAILED TO START
***************************

Description:

Field customUserDetailsService in com.jmfs.chat_back.infra.security.SecurityConfig required a bean of type 'com.jmfs.chat_back.infra.security.CustomUserDetailsService' that could not be found.


Action:

Consider defining a bean of type 'com.jmfs.chat_back.infra.security.CustomUserDetailsService' in your configuration.

2025-06-15T23:29:54.399-03:00  INFO 13307 --- [chat-back] [restartedMain] com.jmfs.chat_back.ChatBackApplication   : Starting ChatBackApplication using Java 21.0.7 with PID 13307 (/home/joao/Documents/projects/chat-back/target/classes started by joao in /home/joao/Documents/projects/chat-back)
2025-06-15T23:29:54.407-03:00  INFO 13307 --- [chat-back] [restartedMain] com.jmfs.chat_back.ChatBackApplication   : No active profile set, falling back to 1 default profile: "default"
2025-06-15T23:29:54.718-03:00  INFO 13307 --- [chat-back] [restartedMain] .e.DevToolsPropertyDefaultsPostProcessor : Devtools property defaults active! Set 'spring.devtools.add-properties' to 'false' to disable
2025-06-15T23:29:54.719-03:00  INFO 13307 --- [chat-back] [restartedMain] .e.DevToolsPropertyDefaultsPostProcessor : For additional web related logging consider setting the 'logging.level.web' property to 'DEBUG'
2025-06-15T23:29:56.374-03:00  INFO 13307 --- [chat-back] [restartedMain] .s.d.r.c.RepositoryConfigurationDelegate : Bootstrapping Spring Data JPA repositories in DEFAULT mode.
2025-06-15T23:29:56.473-03:00  INFO 13307 --- [chat-back] [restartedMain] .s.d.r.c.RepositoryConfigurationDelegate : Finished Spring Data repository scanning in 87 ms. Found 1 JPA repository interface.
2025-06-15T23:29:57.179-03:00  INFO 13307 --- [chat-back] [restartedMain] o.s.b.w.embedded.tomcat.TomcatWebServer  : Tomcat initialized with port 8080 (http)
2025-06-15T23:29:57.199-03:00  INFO 13307 --- [chat-back] [restartedMain] o.apache.catalina.core.StandardService   : Starting service [Tomcat]
2025-06-15T23:29:57.201-03:00  INFO 13307 --- [chat-back] [restartedMain] o.apache.catalina.core.StandardEngine    : Starting Servlet engine: [Apache Tomcat/10.1.41]
2025-06-15T23:29:57.266-03:00  INFO 13307 --- [chat-back] [restartedMain] o.a.c.c.C.[Tomcat].[localhost].[/]       : Initializing Spring embedded WebApplicationContext
2025-06-15T23:29:57.269-03:00  INFO 13307 --- [chat-back] [restartedMain] w.s.c.ServletWebServerApplicationContext : Root WebApplicationContext: initialization completed in 2548 ms
2025-06-15T23:29:57.492-03:00  INFO 13307 --- [chat-back] [restartedMain] o.hibernate.jpa.internal.util.LogHelper  : HHH000204: Processing PersistenceUnitInfo [name: default]
2025-06-15T23:29:57.584-03:00  INFO 13307 --- [chat-back] [restartedMain] org.hibernate.Version                    : HHH000412: Hibernate ORM core version 6.6.15.Final
2025-06-15T23:29:57.671-03:00  INFO 13307 --- [chat-back] [restartedMain] o.h.c.internal.RegionFactoryInitiator    : HHH000026: Second-level cache disabled
2025-06-15T23:29:58.025-03:00  INFO 13307 --- [chat-back] [restartedMain] o.s.o.j.p.SpringPersistenceUnitInfo      : No LoadTimeWeaver setup: ignoring JPA class transformer
2025-06-15T23:29:58.067-03:00  INFO 13307 --- [chat-back] [restartedMain] com.zaxxer.hikari.HikariDataSource       : HikariPool-1 - Starting...
2025-06-15T23:29:58.505-03:00  INFO 13307 --- [chat-back] [restartedMain] com.zaxxer.hikari.pool.HikariPool        : HikariPool-1 - Added connection org.postgresql.jdbc.PgConnection@50fe9cfe
2025-06-15T23:29:58.510-03:00  INFO 13307 --- [chat-back] [restartedMain] com.zaxxer.hikari.HikariDataSource       : HikariPool-1 - Start completed.
2025-06-15T23:29:58.580-03:00  WARN 13307 --- [chat-back] [restartedMain] org.hibernate.orm.deprecation            : HHH90000025: PostgreSQLDialect does not need to be specified explicitly using 'hibernate.dialect' (remove the property setting and it will be selected by default)
2025-06-15T23:29:58.619-03:00  INFO 13307 --- [chat-back] [restartedMain] org.hibernate.orm.connections.pooling    : HHH10001005: Database info:
	Database JDBC URL [Connecting through datasource 'HikariDataSource (HikariPool-1)']
	Database driver: undefined/unknown
	Database version: 16.9
	Autocommit mode: undefined/unknown
	Isolation level: undefined/unknown
	Minimum pool size: undefined/unknown
	Maximum pool size: undefined/unknown
2025-06-15T23:29:59.586-03:00  INFO 13307 --- [chat-back] [restartedMain] o.h.e.t.j.p.i.JtaPlatformInitiator       : HHH000489: No JTA platform available (set 'hibernate.transaction.jta.platform' to enable JTA platform integration)
2025-06-15T23:29:59.680-03:00  INFO 13307 --- [chat-back] [restartedMain] j.LocalContainerEntityManagerFactoryBean : Initialized JPA EntityManagerFactory for persistence unit 'default'
2025-06-15T23:30:00.118-03:00  WARN 13307 --- [chat-back] [restartedMain] ConfigServletWebServerApplicationContext : Exception encountered during context initialization - cancelling refresh attempt: org.springframework.beans.factory.UnsatisfiedDependencyException: Error creating bean with name 'authController' defined in file [/home/joao/Documents/projects/chat-back/target/classes/com/jmfs/chat_back/controllers/AuthController.class]: Unsatisfied dependency expressed through constructor parameter 2: Error creating bean with name 'securityConfig': Unsatisfied dependency expressed through field 'customUserDetailsService': No qualifying bean of type 'com.jmfs.chat_back.infra.security.CustomUserDetailsService' available: expected at least 1 bean which qualifies as autowire candidate. Dependency annotations: {@org.springframework.beans.factory.annotation.Autowired(required=true)}
2025-06-15T23:30:00.118-03:00  INFO 13307 --- [chat-back] [restartedMain] j.LocalContainerEntityManagerFactoryBean : Closing JPA EntityManagerFactory for persistence unit 'default'
2025-06-15T23:30:00.125-03:00  INFO 13307 --- [chat-back] [restartedMain] com.zaxxer.hikari.HikariDataSource       : HikariPool-1 - Shutdown initiated...
2025-06-15T23:30:00.164-03:00  INFO 13307 --- [chat-back] [restartedMain] com.zaxxer.hikari.HikariDataSource       : HikariPool-1 - Shutdown completed.
2025-06-15T23:30:00.187-03:00  INFO 13307 --- [chat-back] [restartedMain] o.apache.catalina.core.StandardService   : Stopping service [Tomcat]
2025-06-15T23:30:00.249-03:00  INFO 13307 --- [chat-back] [restartedMain] .s.b.a.l.ConditionEvaluationReportLogger : 

Error starting ApplicationContext. To display the condition evaluation report re-run your application with 'debug' enabled.
2025-06-15T23:30:00.340-03:00 ERROR 13307 --- [chat-back] [restartedMain] o.s.b.d.LoggingFailureAnalysisReporter   : 

***************************
APPLICATION FAILED TO START
***************************

Description:

Field customUserDetailsService in com.jmfs.chat_back.infra.security.SecurityConfig required a bean of type 'com.jmfs.chat_back.infra.security.CustomUserDetailsService' that could not be found.


Action:

Consider defining a bean of type 'com.jmfs.chat_back.infra.security.CustomUserDetailsService' in your configuration.

2025-06-15T23:31:20.053-03:00  INFO 13775 --- [chat-back] [restartedMain] com.jmfs.chat_back.ChatBackApplication   : Starting ChatBackApplication using Java 21.0.7 with PID 13775 (/home/joao/Documents/projects/chat-back/target/classes started by joao in /home/joao/Documents/projects/chat-back)
2025-06-15T23:31:20.055-03:00  INFO 13775 --- [chat-back] [restartedMain] com.jmfs.chat_back.ChatBackApplication   : No active profile set, falling back to 1 default profile: "default"
2025-06-15T23:31:20.117-03:00  INFO 13775 --- [chat-back] [restartedMain] .e.DevToolsPropertyDefaultsPostProcessor : Devtools property defaults active! Set 'spring.devtools.add-properties' to 'false' to disable
2025-06-15T23:31:20.117-03:00  INFO 13775 --- [chat-back] [restartedMain] .e.DevToolsPropertyDefaultsPostProcessor : For additional web related logging consider setting the 'logging.level.web' property to 'DEBUG'
2025-06-15T23:31:20.828-03:00  INFO 13775 --- [chat-back] [restartedMain] .s.d.r.c.RepositoryConfigurationDelegate : Bootstrapping Spring Data JPA repositories in DEFAULT mode.
2025-06-15T23:31:20.889-03:00  INFO 13775 --- [chat-back] [restartedMain] .s.d.r.c.RepositoryConfigurationDelegate : Finished Spring Data repository scanning in 54 ms. Found 1 JPA repository interface.
2025-06-15T23:31:21.384-03:00  INFO 13775 --- [chat-back] [restartedMain] o.s.b.w.embedded.tomcat.TomcatWebServer  : Tomcat initialized with port 8080 (http)
2025-06-15T23:31:21.407-03:00  INFO 13775 --- [chat-back] [restartedMain] o.apache.catalina.core.StandardService   : Starting service [Tomcat]
2025-06-15T23:31:21.409-03:00  INFO 13775 --- [chat-back] [restartedMain] o.apache.catalina.core.StandardEngine    : Starting Servlet engine: [Apache Tomcat/10.1.41]
2025-06-15T23:31:21.458-03:00  INFO 13775 --- [chat-back] [restartedMain] o.a.c.c.C.[Tomcat].[localhost].[/]       : Initializing Spring embedded WebApplicationContext
2025-06-15T23:31:21.459-03:00  INFO 13775 --- [chat-back] [restartedMain] w.s.c.ServletWebServerApplicationContext : Root WebApplicationContext: initialization completed in 1341 ms
2025-06-15T23:31:21.600-03:00  INFO 13775 --- [chat-back] [restartedMain] o.hibernate.jpa.internal.util.LogHelper  : HHH000204: Processing PersistenceUnitInfo [name: default]
2025-06-15T23:31:21.644-03:00  INFO 13775 --- [chat-back] [restartedMain] org.hibernate.Version                    : HHH000412: Hibernate ORM core version 6.6.15.Final
2025-06-15T23:31:21.688-03:00  INFO 13775 --- [chat-back] [restartedMain] o.h.c.internal.RegionFactoryInitiator    : HHH000026: Second-level cache disabled
2025-06-15T23:31:21.890-03:00  INFO 13775 --- [chat-back] [restartedMain] o.s.o.j.p.SpringPersistenceUnitInfo      : No LoadTimeWeaver setup: ignoring JPA class transformer
2025-06-15T23:31:21.914-03:00  INFO 13775 --- [chat-back] [restartedMain] com.zaxxer.hikari.HikariDataSource       : HikariPool-1 - Starting...
2025-06-15T23:31:22.233-03:00  INFO 13775 --- [chat-back] [restartedMain] com.zaxxer.hikari.pool.HikariPool        : HikariPool-1 - Added connection org.postgresql.jdbc.PgConnection@2c61a9ac
2025-06-15T23:31:22.235-03:00  INFO 13775 --- [chat-back] [restartedMain] com.zaxxer.hikari.HikariDataSource       : HikariPool-1 - Start completed.
2025-06-15T23:31:22.286-03:00  WARN 13775 --- [chat-back] [restartedMain] org.hibernate.orm.deprecation            : HHH90000025: PostgreSQLDialect does not need to be specified explicitly using 'hibernate.dialect' (remove the property setting and it will be selected by default)
2025-06-15T23:31:22.303-03:00  INFO 13775 --- [chat-back] [restartedMain] org.hibernate.orm.connections.pooling    : HHH10001005: Database info:
	Database JDBC URL [Connecting through datasource 'HikariDataSource (HikariPool-1)']
	Database driver: undefined/unknown
	Database version: 16.9
	Autocommit mode: undefined/unknown
	Isolation level: undefined/unknown
	Minimum pool size: undefined/unknown
	Maximum pool size: undefined/unknown
2025-06-15T23:31:22.919-03:00  INFO 13775 --- [chat-back] [restartedMain] o.h.e.t.j.p.i.JtaPlatformInitiator       : HHH000489: No JTA platform available (set 'hibernate.transaction.jta.platform' to enable JTA platform integration)
2025-06-15T23:31:22.976-03:00  INFO 13775 --- [chat-back] [restartedMain] j.LocalContainerEntityManagerFactoryBean : Initialized JPA EntityManagerFactory for persistence unit 'default'
2025-06-15T23:31:23.284-03:00  WARN 13775 --- [chat-back] [restartedMain] JpaBaseConfiguration$JpaWebConfiguration : spring.jpa.open-in-view is enabled by default. Therefore, database queries may be performed during view rendering. Explicitly configure spring.jpa.open-in-view to disable this warning
2025-06-15T23:31:23.365-03:00 DEBUG 13775 --- [chat-back] [restartedMain] s.w.s.m.m.a.RequestMappingHandlerMapping : 3 mappings in 'requestMappingHandlerMapping'
2025-06-15T23:31:23.460-03:00 DEBUG 13775 --- [chat-back] [restartedMain] o.s.w.s.handler.SimpleUrlHandlerMapping  : Patterns [/webjars/**, /**] in 'resourceHandlerMapping'
2025-06-15T23:31:23.485-03:00  INFO 13775 --- [chat-back] [restartedMain] r$InitializeUserDetailsManagerConfigurer : Global AuthenticationManager configured with UserDetailsService bean with name customUserDetailsService
2025-06-15T23:31:23.624-03:00 DEBUG 13775 --- [chat-back] [restartedMain] s.w.s.m.m.a.RequestMappingHandlerAdapter : ControllerAdvice beans: 0 @ModelAttribute, 0 @InitBinder, 1 RequestBodyAdvice, 1 ResponseBodyAdvice
2025-06-15T23:31:23.686-03:00 DEBUG 13775 --- [chat-back] [restartedMain] .m.m.a.ExceptionHandlerExceptionResolver : ControllerAdvice beans: 0 @ExceptionHandler, 1 ResponseBodyAdvice
2025-06-15T23:31:23.782-03:00  INFO 13775 --- [chat-back] [restartedMain] o.s.b.d.a.OptionalLiveReloadServer       : LiveReload server is running on port 35729
2025-06-15T23:31:23.814-03:00  INFO 13775 --- [chat-back] [restartedMain] o.s.b.w.embedded.tomcat.TomcatWebServer  : Tomcat started on port 8080 (http) with context path '/'
2025-06-15T23:31:23.828-03:00  INFO 13775 --- [chat-back] [restartedMain] com.jmfs.chat_back.ChatBackApplication   : Started ChatBackApplication in 4.587 seconds (process running for 5.039)
2025-06-15T23:31:30.346-03:00  INFO 13775 --- [chat-back] [SpringApplicationShutdownHook] o.s.b.w.e.tomcat.GracefulShutdown        : Commencing graceful shutdown. Waiting for active requests to complete
2025-06-15T23:31:30.361-03:00  INFO 13775 --- [chat-back] [tomcat-shutdown] o.s.b.w.e.tomcat.GracefulShutdown        : Graceful shutdown complete
2025-06-15T23:31:30.376-03:00  INFO 13775 --- [chat-back] [SpringApplicationShutdownHook] j.LocalContainerEntityManagerFactoryBean : Closing JPA EntityManagerFactory for persistence unit 'default'
2025-06-15T23:31:30.389-03:00  INFO 13775 --- [chat-back] [SpringApplicationShutdownHook] com.zaxxer.hikari.HikariDataSource       : HikariPool-1 - Shutdown initiated...
2025-06-15T23:31:30.445-03:00  INFO 13775 --- [chat-back] [SpringApplicationShutdownHook] com.zaxxer.hikari.HikariDataSource       : HikariPool-1 - Shutdown completed.
